{"level":"info","msg":"************************** new instance running **************************","time":"2019-09-14T09:14:41-07:00"}
{"level":"info","msg":"connection to database is created","time":"2019-09-14T09:14:41-07:00"}
{"level":"info","msg":"Listening...","time":"2019-09-14T09:14:41-07:00"}
{"level":"info","msg":"************************** new instance running **************************","time":"2019-09-14T09:16:57-07:00"}
{"level":"info","msg":"connection to database is created","time":"2019-09-14T09:16:57-07:00"}
{"level":"info","msg":"Listening...","time":"2019-09-14T09:16:57-07:00"}
{"level":"info","msg":"creating table Stats\n","time":"2019-09-14T09:17:21-07:00"}
{"hasResutl":true,"level":"info","msg":"new query executed","query":"SELECT * FROM [Stats] WHERE [UserName]='tecnologer'","time":"2019-09-14T09:17:21-07:00"}
{"hasResutl":false,"level":"info","msg":"new query executed","query":"UPDATE [Stats] SET [HellCount]=1, [HeavenCount]=0 WHERE [UserName]='tecnologer'","time":"2019-09-14T09:17:21-07:00"}
{"level":"info","msg":"************************** new instance running **************************","time":"2019-09-14T09:23:53-07:00"}
{"level":"info","msg":"connection to database is created","time":"2019-09-14T09:23:53-07:00"}
{"level":"info","msg":"Listening...","time":"2019-09-14T09:23:53-07:00"}
{"level":"info","msg":"creating table Stats\n","time":"2019-09-14T09:24:12-07:00"}
{"hasResutl":true,"level":"info","msg":"new query executed","query":"SELECT * FROM [Stats] WHERE [UserName]='tecnologer'","time":"2019-09-14T09:24:12-07:00"}
{"hasResutl":false,"level":"info","msg":"new query executed","query":"INSERT [Stats] (HellCount, HeavenCount, UserName) VALUES (1, 1, tecnologer);","time":"2019-09-14T09:24:12-07:00"}
{"level":"info","msg":"near \"[Stats]\": syntax error","time":"2019-09-14T09:24:12-07:00"}
{"level":"info","msg":"************************** new instance running **************************","time":"2019-09-14T09:25:11-07:00"}
{"level":"info","msg":"connection to database is created","time":"2019-09-14T09:25:11-07:00"}
{"level":"info","msg":"Listening...","time":"2019-09-14T09:25:11-07:00"}
{"level":"info","msg":"creating table Stats\n","time":"2019-09-14T09:25:17-07:00"}
{"hasResutl":true,"level":"info","msg":"new query executed","query":"SELECT * FROM [Stats] WHERE [UserName]='tecnologer'","time":"2019-09-14T09:25:17-07:00"}
{"hasResutl":false,"level":"info","msg":"new query executed","query":"INSERT [Stats] (HellCount, HeavenCount, UserName) VALUES (1, 1, 'tecnologer');","time":"2019-09-14T09:25:17-07:00"}
{"level":"info","msg":"near \"[Stats]\": syntax error","time":"2019-09-14T09:25:17-07:00"}
{"level":"info","msg":"************************** new instance running **************************","time":"2019-09-14T09:25:59-07:00"}
{"level":"info","msg":"connection to database is created","time":"2019-09-14T09:25:59-07:00"}
{"level":"info","msg":"Listening...","time":"2019-09-14T09:25:59-07:00"}
{"level":"info","msg":"creating table Stats\n","time":"2019-09-14T09:26:05-07:00"}
{"hasResutl":true,"level":"info","msg":"new query executed","query":"SELECT * FROM [Stats] WHERE [UserName]='tecnologer'","time":"2019-09-14T09:26:05-07:00"}
{"hasResutl":false,"level":"info","msg":"new query executed","query":"INSERT INTO [Stats] (HellCount, HeavenCount, UserName) VALUES (1, 1, 'tecnologer');","time":"2019-09-14T09:26:05-07:00"}
{"level":"info","msg":"creating table Stats\n","time":"2019-09-14T09:26:17-07:00"}
{"hasResutl":true,"level":"info","msg":"new query executed","query":"SELECT * FROM [Stats] WHERE [UserName]='tecnologer'","time":"2019-09-14T09:26:17-07:00"}
{"level":"info","msg":"************************** new instance running **************************","time":"2019-09-14T22:45:44-07:00"}
{"level":"info","msg":"connection to database is created","time":"2019-09-14T22:45:44-07:00"}
{"level":"info","msg":"Listening...","time":"2019-09-14T22:45:44-07:00"}
{"level":"info","msg":"creating table Stats\n","time":"2019-09-14T22:46:02-07:00"}
{"hasResutl":true,"level":"info","msg":"new query executed","query":"SELECT [HellCount], [HeavenCount], [UserName] FROM [Stats] WHERE [UserName]='tecnologer'","time":"2019-09-14T22:46:02-07:00"}
{"level":"info","msg":"************************** new instance running **************************","time":"2019-09-14T22:47:10-07:00"}
{"level":"info","msg":"connection to database is created","time":"2019-09-14T22:47:10-07:00"}
{"level":"info","msg":"Listening...","time":"2019-09-14T22:47:10-07:00"}
{"level":"info","msg":"creating table Stats\n","time":"2019-09-14T22:47:17-07:00"}
{"hasResutl":true,"level":"info","msg":"new query executed","query":"SELECT [HellCount], [HeavenCount], [UserName] FROM [Stats] WHERE [UserName]='tecnologer'","time":"2019-09-14T22:47:17-07:00"}
{"hasResutl":false,"level":"info","msg":"new query executed","query":"UPDATE [Stats] SET [HellCount]=2, [HeavenCount]=1 WHERE [UserName]='tecnologer';","time":"2019-09-14T22:47:59-07:00"}
{"level":"info","msg":"************************** new instance running **************************","time":"2019-09-14T22:50:27-07:00"}
{"level":"info","msg":"connection to database is created","time":"2019-09-14T22:50:27-07:00"}
{"level":"info","msg":"Listening...","time":"2019-09-14T22:50:27-07:00"}
{"level":"info","msg":"creating table Stats\n","time":"2019-09-14T22:50:35-07:00"}
{"hasResutl":true,"level":"info","msg":"new query executed","query":"SELECT [HellCount], [HeavenCount], [UserName] FROM [Stats] WHERE [UserName]='tecnologer'","time":"2019-09-14T22:50:35-07:00"}
{"hasResutl":false,"level":"info","msg":"new query executed","query":"UPDATE [Stats] SET [HellCount]=1, [HeavenCount]=0 WHERE [UserName]='';","time":"2019-09-14T22:50:39-07:00"}
{"level":"info","msg":"creating table Stats\n","time":"2019-09-14T22:51:13-07:00"}
{"hasResutl":true,"level":"info","msg":"new query executed","query":"SELECT [HellCount], [HeavenCount], [UserName] FROM [Stats] WHERE [UserName]='tecnologer'","time":"2019-09-14T22:51:13-07:00"}
{"hasResutl":false,"level":"info","msg":"new query executed","query":"UPDATE [Stats] SET [HellCount]=1, [HeavenCount]=0 WHERE [UserName]='';","time":"2019-09-14T22:51:20-07:00"}
{"level":"info","msg":"************************** new instance running **************************","time":"2019-09-14T22:52:17-07:00"}
{"level":"info","msg":"connection to database is created","time":"2019-09-14T22:52:17-07:00"}
{"level":"info","msg":"Listening...","time":"2019-09-14T22:52:17-07:00"}
{"level":"info","msg":"creating table Stats\n","time":"2019-09-14T22:52:21-07:00"}
{"hasResutl":true,"level":"info","msg":"new query executed","query":"SELECT [HellCount], [HeavenCount], [UserName] FROM [Stats] WHERE [UserName]='tecnologer'","time":"2019-09-14T22:52:21-07:00"}
{"hasResutl":false,"level":"info","msg":"new query executed","query":"INSERT INTO [Stats] (HellCount, HeavenCount, UserName) VALUES (1, 0, 'tecnologer');","time":"2019-09-14T22:52:29-07:00"}
{"level":"info","msg":"creating table Stats\n","time":"2019-09-14T22:54:05-07:00"}
{"hasResutl":true,"level":"info","msg":"new query executed","query":"SELECT [HellCount], [HeavenCount], [UserName] FROM [Stats] WHERE [UserName]='tecnologer'","time":"2019-09-14T22:54:05-07:00"}
{"hasResutl":false,"level":"info","msg":"new query executed","query":"INSERT INTO [Stats] (HellCount, HeavenCount, UserName) VALUES (1, 0, 'tecnologer');","time":"2019-09-14T22:54:05-07:00"}
{"level":"info","msg":"creating table Stats\n","time":"2019-09-14T22:54:15-07:00"}
{"hasResutl":true,"level":"info","msg":"new query executed","query":"SELECT [HellCount], [HeavenCount], [UserName] FROM [Stats] WHERE [UserName]='tecnologer'","time":"2019-09-14T22:54:15-07:00"}
{"hasResutl":false,"level":"info","msg":"new query executed","query":"UPDATE [Stats] SET [HellCount]=2, [HeavenCount]=0 WHERE [UserName]='tecnologer';","time":"2019-09-14T22:54:16-07:00"}
{"level":"info","msg":"creating table Stats\n","time":"2019-09-14T22:54:17-07:00"}
{"hasResutl":true,"level":"info","msg":"new query executed","query":"SELECT [HellCount], [HeavenCount], [UserName] FROM [Stats] WHERE [UserName]='tecnologer'","time":"2019-09-14T22:54:17-07:00"}
{"hasResutl":false,"level":"info","msg":"new query executed","query":"UPDATE [Stats] SET [HellCount]=3, [HeavenCount]=0 WHERE [UserName]='tecnologer';","time":"2019-09-14T22:54:17-07:00"}
{"level":"info","msg":"************************** new instance running **************************","time":"2019-09-14T23:40:15-07:00"}
{"level":"info","msg":"connection to database is created","time":"2019-09-14T23:40:15-07:00"}
{"level":"info","msg":"Listening...","time":"2019-09-14T23:40:15-07:00"}
{"level":"info","msg":"************************** new instance running **************************","time":"2019-09-14T23:51:13-07:00"}
{"level":"info","msg":"creating table Stats\n","time":"2019-09-14T23:51:21-07:00"}
{"hasResutl":true,"level":"info","msg":"new query executed","query":"SELECT [ChatId], [Name] FROM [ChatLog] WHERE [ChatId] = 10244644","time":"2019-09-14T23:51:21-07:00"}
{"hasResutl":false,"level":"info","msg":"new query executed","query":"INSERT INTO [ChatLog] (ChatId, Name) VALUES (10244644, 'Rey David');","time":"2019-09-14T23:51:21-07:00"}
{"level":"info","msg":"creating table Stats\n","time":"2019-09-14T23:51:25-07:00"}
{"hasResutl":true,"level":"info","msg":"new query executed","query":"SELECT [ChatId], [Name] FROM [ChatLog] WHERE [ChatId] = -1001462520095","time":"2019-09-14T23:51:25-07:00"}
{"hasResutl":false,"level":"info","msg":"new query executed","query":"INSERT INTO [ChatLog] (ChatId, Name) VALUES (-1001462520095, 'Chiquete Lovers');","time":"2019-09-14T23:51:25-07:00"}
{"level":"info","msg":"creating table Stats\n","time":"2019-09-14T23:51:26-07:00"}
{"hasResutl":true,"level":"info","msg":"new query executed","query":"SELECT [ChatId], [Name] FROM [ChatLog] WHERE [ChatId] = -191733247","time":"2019-09-14T23:51:26-07:00"}
{"hasResutl":false,"level":"info","msg":"new query executed","query":"INSERT INTO [ChatLog] (ChatId, Name) VALUES (-191733247, 'Saul y los bots');","time":"2019-09-14T23:51:26-07:00"}
{"level":"info","msg":"creating table Stats\n","time":"2019-09-14T23:51:36-07:00"}
{"hasResutl":true,"level":"info","msg":"new query executed","query":"SELECT [ChatId], [Name] FROM [ChatLog] WHERE [ChatId] = -275709422","time":"2019-09-14T23:51:36-07:00"}
{"hasResutl":false,"level":"info","msg":"new query executed","query":"INSERT INTO [ChatLog] (ChatId, Name) VALUES (-275709422, 'Purgatorio');","time":"2019-09-14T23:51:36-07:00"}
{"level":"info","msg":"creating table Stats\n","time":"2019-09-14T23:51:36-07:00"}
{"hasResutl":true,"level":"info","msg":"new query executed","query":"SELECT [ChatId], [Name] FROM [ChatLog] WHERE [ChatId] = -385970958","time":"2019-09-14T23:51:36-07:00"}
{"hasResutl":false,"level":"info","msg":"new query executed","query":"INSERT INTO [ChatLog] (ChatId, Name) VALUES (-385970958, 'Nohemi y el bot');","time":"2019-09-14T23:51:36-07:00"}
{"level":"info","msg":"creating table Stats\n","time":"2019-09-14T23:51:36-07:00"}
{"hasResutl":true,"level":"info","msg":"new query executed","query":"SELECT [ChatId], [Name] FROM [ChatLog] WHERE [ChatId] = -28973520","time":"2019-09-14T23:51:36-07:00"}
{"hasResutl":false,"level":"info","msg":"new query executed","query":"INSERT INTO [ChatLog] (ChatId, Name) VALUES (-28973520, '0x0000');","time":"2019-09-14T23:51:36-07:00"}
{"level":"info","msg":"creating table Stats\n","time":"2019-09-14T23:51:36-07:00"}
{"hasResutl":true,"level":"info","msg":"new query executed","query":"SELECT [ChatId], [Name] FROM [ChatLog] WHERE [ChatId] = -721686","time":"2019-09-14T23:51:36-07:00"}
{"hasResutl":false,"level":"info","msg":"new query executed","query":"INSERT INTO [ChatLog] (ChatId, Name) VALUES (-721686, 'Cool Ex-Partners \u0026 Monky');","time":"2019-09-14T23:51:36-07:00"}
{"level":"info","msg":"creating table Stats\n","time":"2019-09-14T23:51:36-07:00"}
{"hasResutl":true,"level":"info","msg":"new query executed","query":"SELECT [ChatId], [Name] FROM [ChatLog] WHERE [ChatId] = 256076833","time":"2019-09-14T23:51:36-07:00"}
{"hasResutl":false,"level":"info","msg":"new query executed","query":"INSERT INTO [ChatLog] (ChatId, Name) VALUES (256076833, '');","time":"2019-09-14T23:51:36-07:00"}
{"level":"info","msg":"creating table Stats\n","time":"2019-09-14T23:51:36-07:00"}
{"hasResutl":true,"level":"info","msg":"new query executed","query":"SELECT [ChatId], [Name] FROM [ChatLog] WHERE [ChatId] = 917528548","time":"2019-09-14T23:51:36-07:00"}
{"hasResutl":false,"level":"info","msg":"new query executed","query":"INSERT INTO [ChatLog] (ChatId, Name) VALUES (917528548, 'Nohemi');","time":"2019-09-14T23:51:36-07:00"}
{"level":"info","msg":"creating table Stats\n","time":"2019-09-14T23:51:36-07:00"}
{"hasResutl":true,"level":"info","msg":"new query executed","query":"SELECT [ChatId], [Name] FROM [ChatLog] WHERE [ChatId] = 172418816","time":"2019-09-14T23:51:36-07:00"}
{"hasResutl":false,"level":"info","msg":"new query executed","query":"INSERT INTO [ChatLog] (ChatId, Name) VALUES (172418816, 'Karelia');","time":"2019-09-14T23:51:36-07:00"}
{"level":"info","msg":"creating table Stats\n","time":"2019-09-14T23:51:36-07:00"}
{"hasResutl":true,"level":"info","msg":"new query executed","query":"SELECT [ChatId], [Name] FROM [ChatLog] WHERE [ChatId] = -13279514","time":"2019-09-14T23:51:36-07:00"}
{"hasResutl":false,"level":"info","msg":"new query executed","query":"INSERT INTO [ChatLog] (ChatId, Name) VALUES (-13279514, 'Bar bar bar');","time":"2019-09-14T23:51:36-07:00"}
{"level":"info","msg":"creating table Stats\n","time":"2019-09-14T23:51:36-07:00"}
{"hasResutl":true,"level":"info","msg":"new query executed","query":"SELECT [ChatId], [Name] FROM [ChatLog] WHERE [ChatId] = 703885598","time":"2019-09-14T23:51:36-07:00"}
{"hasResutl":false,"level":"info","msg":"new query executed","query":"INSERT INTO [ChatLog] (ChatId, Name) VALUES (703885598, '');","time":"2019-09-14T23:51:36-07:00"}
{"level":"info","msg":"creating table Stats\n","time":"2019-09-14T23:51:36-07:00"}
{"hasResutl":true,"level":"info","msg":"new query executed","query":"SELECT [ChatId], [Name] FROM [ChatLog] WHERE [ChatId] = -386177023","time":"2019-09-14T23:51:36-07:00"}
{"hasResutl":false,"level":"info","msg":"new query executed","query":"INSERT INTO [ChatLog] (ChatId, Name) VALUES (-386177023, 'Lucy \u0026 Mario');","time":"2019-09-14T23:51:36-07:00"}
{"level":"info","msg":"creating table Stats\n","time":"2019-09-14T23:51:36-07:00"}
{"hasResutl":true,"level":"info","msg":"new query executed","query":"SELECT [ChatId], [Name] FROM [ChatLog] WHERE [ChatId] = -243561301","time":"2019-09-14T23:51:36-07:00"}
{"hasResutl":false,"level":"info","msg":"new query executed","query":"INSERT INTO [ChatLog] (ChatId, Name) VALUES (-243561301, 'The bot fest');","time":"2019-09-14T23:51:36-07:00"}
{"level":"info","msg":"creating table Stats\n","time":"2019-09-14T23:51:36-07:00"}
{"hasResutl":true,"level":"info","msg":"new query executed","query":"SELECT [ChatId], [Name] FROM [ChatLog] WHERE [ChatId] = -258762041","time":"2019-09-14T23:51:36-07:00"}
{"hasResutl":false,"level":"info","msg":"new query executed","query":"INSERT INTO [ChatLog] (ChatId, Name) VALUES (-258762041, '[Go,Py] Developers');","time":"2019-09-14T23:51:36-07:00"}
{"level":"info","msg":"creating table Stats\n","time":"2019-09-14T23:51:36-07:00"}
{"hasResutl":true,"level":"info","msg":"new query executed","query":"SELECT [ChatId], [Name] FROM [ChatLog] WHERE [ChatId] = -308568628","time":"2019-09-14T23:51:36-07:00"}
{"hasResutl":false,"level":"info","msg":"new query executed","query":"INSERT INTO [ChatLog] (ChatId, Name) VALUES (-308568628, 'CodEns');","time":"2019-09-14T23:51:36-07:00"}
{"level":"info","msg":"creating table Stats\n","time":"2019-09-14T23:51:36-07:00"}
{"hasResutl":true,"level":"info","msg":"new query executed","query":"SELECT [ChatId], [Name] FROM [ChatLog] WHERE [ChatId] = -270675413","time":"2019-09-14T23:51:36-07:00"}
{"hasResutl":false,"level":"info","msg":"new query executed","query":"INSERT INTO [ChatLog] (ChatId, Name) VALUES (-270675413, 'Casados \u0026 el-Pako');","time":"2019-09-14T23:51:36-07:00"}
{"level":"info","msg":"creating table Stats\n","time":"2019-09-14T23:51:36-07:00"}
{"hasResutl":true,"level":"info","msg":"new query executed","query":"SELECT [ChatId], [Name] FROM [ChatLog] WHERE [ChatId] = 82747685","time":"2019-09-14T23:51:36-07:00"}
{"hasResutl":false,"level":"info","msg":"new query executed","query":"INSERT INTO [ChatLog] (ChatId, Name) VALUES (82747685, 'Victor');","time":"2019-09-14T23:51:36-07:00"}
{"level":"info","msg":"creating table Stats\n","time":"2019-09-14T23:51:36-07:00"}
{"hasResutl":true,"level":"info","msg":"new query executed","query":"SELECT [ChatId], [Name] FROM [ChatLog] WHERE [ChatId] = -1001357010856","time":"2019-09-14T23:51:36-07:00"}
{"hasResutl":false,"level":"info","msg":"new query executed","query":"INSERT INTO [ChatLog] (ChatId, Name) VALUES (-1001357010856, 'Saul y los bots');","time":"2019-09-14T23:51:36-07:00"}
{"level":"info","msg":"Listening...","time":"2019-09-14T23:51:36-07:00"}
{"level":"info","msg":"************************** new instance running **************************","time":"2019-09-15T22:56:27-07:00"}
{"level":"info","msg":"creating table Stats\n","time":"2019-09-15T22:56:30-07:00"}
{"hasResutl":false,"level":"info","msg":"new query executed","query":"INSERT INTO [Response] (Type, CommandID, Response) VALUES (1, 1, '😈');","time":"2019-09-15T22:56:30-07:00"}
{"level":"fatal","msg":"no such table: Response","time":"2019-09-15T22:56:30-07:00"}
{"level":"info","msg":"************************** new instance running **************************","time":"2019-09-15T22:57:16-07:00"}
{"level":"info","msg":"creating table Response\n","time":"2019-09-15T22:57:30-07:00"}
{"hasResutl":false,"level":"info","msg":"new query executed","query":"CREATE TABLE IF NOT EXISTS [Response] (\n\t\t[Id] integer not null primary key AUTOINCREMENT,\n\t\t[Type] integer not null\n\t\t[CommandID] integer not null\n\t\t[Response] text not null,\n\t)","time":"2019-09-15T22:57:30-07:00"}
{"level":"info","msg":"near \"[CommandID]\": syntax error","time":"2019-09-15T22:57:30-07:00"}
{"hasResutl":false,"level":"info","msg":"new query executed","query":"INSERT INTO [Response] (Type, CommandID, Response) VALUES (1, 2, 'Al·lahu-àkbar');","time":"2019-09-15T22:57:34-07:00"}
{"level":"fatal","msg":"no such table: Response","time":"2019-09-15T22:57:54-07:00"}
{"level":"info","msg":"************************** new instance running **************************","time":"2019-09-15T22:57:59-07:00"}
{"level":"info","msg":"creating table Response\n","time":"2019-09-15T22:58:02-07:00"}
{"level":"info","msg":"************************** new instance running **************************","time":"2019-09-15T23:00:59-07:00"}
{"level":"info","msg":"creating table Response\n","time":"2019-09-15T23:01:01-07:00"}
{"hasResutl":false,"level":"info","msg":"new query executed","query":"INSERT INTO [Response] (Type, CommandID, Response) VALUES (1, 2, 'te agregare uno mas porque el cura hablo bien de ti');","time":"2019-09-15T23:01:11-07:00"}
{"level":"info","msg":"creating table Response\n","time":"2019-09-15T23:01:19-07:00"}
{"hasResutl":false,"level":"info","msg":"new query executed","query":"INSERT INTO [Response] (Type, CommandID, Response) VALUES (2, 5, 'CAADAQADtwADJaHuBPXEvL2rxT8yAg');","time":"2019-09-15T23:01:20-07:00"}
{"level":"info","msg":"creating table Response\n","time":"2019-09-15T23:01:20-07:00"}
{"hasResutl":false,"level":"info","msg":"new query executed","query":"INSERT INTO [Response] (Type, CommandID, Response) VALUES (2, 5, 'CAADAQAD1gEAAiRSnAABLOJEt9vzA_EC');","time":"2019-09-15T23:01:20-07:00"}
{"level":"info","msg":"creating table Response\n","time":"2019-09-15T23:01:20-07:00"}
{"hasResutl":false,"level":"info","msg":"new query executed","query":"INSERT INTO [Response] (Type, CommandID, Response) VALUES (2, 1, 'CAADAQAD1QEAAiRSnAAB6XT7OdBwGn0C');","time":"2019-09-15T23:01:20-07:00"}
{"level":"info","msg":"creating table Response\n","time":"2019-09-15T23:01:20-07:00"}
{"hasResutl":false,"level":"info","msg":"new query executed","query":"INSERT INTO [Response] (Type, CommandID, Response) VALUES (2, 2, 'CAADAgADSAEAAooSqg5Fqvu7UoxTVAI');","time":"2019-09-15T23:01:21-07:00"}
{"level":"info","msg":"creating table Response\n","time":"2019-09-15T23:01:21-07:00"}
{"hasResutl":false,"level":"info","msg":"new query executed","query":"INSERT INTO [Response] (Type, CommandID, Response) VALUES (2, 1, 'CAADAQADnQADJaHuBGvY1E43XYjJAg');","time":"2019-09-15T23:01:21-07:00"}
{"level":"info","msg":"creating table Response\n","time":"2019-09-15T23:01:21-07:00"}
{"hasResutl":false,"level":"info","msg":"new query executed","query":"INSERT INTO [Response] (Type, CommandID, Response) VALUES (2, 1, 'CAADAQADjQADJaHuBDCBEchp6mGFAg');","time":"2019-09-15T23:01:21-07:00"}
{"level":"info","msg":"creating table Response\n","time":"2019-09-15T23:01:21-07:00"}
{"hasResutl":false,"level":"info","msg":"new query executed","query":"INSERT INTO [Response] (Type, CommandID, Response) VALUES (1, 3, 'che rajon!');","time":"2019-09-15T23:01:21-07:00"}
{"level":"info","msg":"creating table Response\n","time":"2019-09-15T23:01:21-07:00"}
{"hasResutl":false,"level":"info","msg":"new query executed","query":"INSERT INTO [Response] (Type, CommandID, Response) VALUES (2, 3, 'CAADAQADiwADJaHuBCxFUkncLVKjAg');","time":"2019-09-15T23:01:21-07:00"}
{"level":"info","msg":"creating table Response\n","time":"2019-09-15T23:01:21-07:00"}
{"hasResutl":false,"level":"info","msg":"new query executed","query":"INSERT INTO [Response] (Type, CommandID, Response) VALUES (2, 2, 'CAADAQAD1AEAAiRSnAABXNNm0JIdl44C');","time":"2019-09-15T23:01:21-07:00"}
{"level":"info","msg":"creating table Response\n","time":"2019-09-15T23:01:21-07:00"}
{"hasResutl":false,"level":"info","msg":"new query executed","query":"INSERT INTO [Response] (Type, CommandID, Response) VALUES (2, 1, 'CAADAQADngADJaHuBEiHJAmrgJWbAg');","time":"2019-09-15T23:01:21-07:00"}
{"level":"info","msg":"creating table Response\n","time":"2019-09-15T23:01:21-07:00"}
{"hasResutl":false,"level":"info","msg":"new query executed","query":"INSERT INTO [Response] (Type, CommandID, Response) VALUES (2, 1, 'CAADBAADPAAD19F7AAGT4GlUNBiTgAI');","time":"2019-09-15T23:01:21-07:00"}
{"level":"info","msg":"creating table Response\n","time":"2019-09-15T23:01:21-07:00"}
{"hasResutl":false,"level":"info","msg":"new query executed","query":"INSERT INTO [Response] (Type, CommandID, Response) VALUES (2, 3, 'CAADAgADRAEAAooSqg7vtcKFS_WCowI');","time":"2019-09-15T23:01:21-07:00"}
{"level":"info","msg":"creating table Response\n","time":"2019-09-15T23:01:21-07:00"}
{"hasResutl":false,"level":"info","msg":"new query executed","query":"INSERT INTO [Response] (Type, CommandID, Response) VALUES (3, 1, 'CgADBAADxY8AAlsdZAcjIh--PzkbtwI');","time":"2019-09-15T23:01:21-07:00"}
{"level":"info","msg":"creating table Response\n","time":"2019-09-15T23:01:21-07:00"}
{"hasResutl":false,"level":"info","msg":"new query executed","query":"INSERT INTO [Response] (Type, CommandID, Response) VALUES (1, 1, 'los chilangos meteran tu comida favorita en bolillo');","time":"2019-09-15T23:01:21-07:00"}
{"level":"info","msg":"creating table Response\n","time":"2019-09-15T23:01:21-07:00"}
{"hasResutl":false,"level":"info","msg":"new query executed","query":"INSERT INTO [Response] (Type, CommandID, Response) VALUES (1, 1, '😈');","time":"2019-09-15T23:01:21-07:00"}
{"level":"info","msg":"creating table Response\n","time":"2019-09-15T23:01:21-07:00"}
{"hasResutl":false,"level":"info","msg":"new query executed","query":"INSERT INTO [Response] (Type, CommandID, Response) VALUES (1, 2, '⭐️');","time":"2019-09-15T23:01:21-07:00"}
{"level":"info","msg":"creating table Response\n","time":"2019-09-15T23:01:21-07:00"}
{"hasResutl":false,"level":"info","msg":"new query executed","query":"INSERT INTO [Response] (Type, CommandID, Response) VALUES (1, 4, 'Comprate un cafe: https://www.buymeacoffee.com/tecnologer y yo me encargo del resto');","time":"2019-09-15T23:01:21-07:00"}
{"level":"info","msg":"creating table Response\n","time":"2019-09-15T23:01:21-07:00"}
{"hasResutl":false,"level":"info","msg":"new query executed","query":"INSERT INTO [Response] (Type, CommandID, Response) VALUES (2, 5, 'CAADAwADcQADJaHuBOXuxozHxyQrAg');","time":"2019-09-15T23:01:21-07:00"}
{"level":"info","msg":"creating table Response\n","time":"2019-09-15T23:01:21-07:00"}
{"hasResutl":false,"level":"info","msg":"new query executed","query":"INSERT INTO [Response] (Type, CommandID, Response) VALUES (2, 2, 'CAADAQAD0wEAAiRSnAABoM6Gk1SpD8EC');","time":"2019-09-15T23:01:21-07:00"}
{"level":"info","msg":"creating table Response\n","time":"2019-09-15T23:01:21-07:00"}
{"hasResutl":false,"level":"info","msg":"new query executed","query":"INSERT INTO [Response] (Type, CommandID, Response) VALUES (2, 1, 'CAADBQADgAMAAukKyAOXWG874z7K-AI');","time":"2019-09-15T23:01:21-07:00"}
{"level":"info","msg":"creating table Response\n","time":"2019-09-15T23:01:21-07:00"}
{"hasResutl":false,"level":"info","msg":"new query executed","query":"INSERT INTO [Response] (Type, CommandID, Response) VALUES (2, 2, 'CAADAQADlAADJaHuBIDhyuPkwSDDAg');","time":"2019-09-15T23:01:21-07:00"}
{"level":"info","msg":"creating table Response\n","time":"2019-09-15T23:01:21-07:00"}
{"hasResutl":false,"level":"info","msg":"new query executed","query":"INSERT INTO [Response] (Type, CommandID, Response) VALUES (1, 1, 'una raya mas al tigre');","time":"2019-09-15T23:01:21-07:00"}
{"level":"info","msg":"creating table Response\n","time":"2019-09-15T23:01:21-07:00"}
{"hasResutl":false,"level":"info","msg":"new query executed","query":"INSERT INTO [Response] (Type, CommandID, Response) VALUES (1, 1, 'peleishon de bananeishon!');","time":"2019-09-15T23:01:21-07:00"}
{"level":"info","msg":"creating table Response\n","time":"2019-09-15T23:01:21-07:00"}
{"hasResutl":false,"level":"info","msg":"new query executed","query":"INSERT INTO [Response] (Type, CommandID, Response) VALUES (1, 1, 'en el infierno estaras mejor, aqui nadie te quiere');","time":"2019-09-15T23:01:21-07:00"}
{"level":"info","msg":"creating table Response\n","time":"2019-09-15T23:01:21-07:00"}
{"hasResutl":false,"level":"info","msg":"new query executed","query":"INSERT INTO [Response] (Type, CommandID, Response) VALUES (1, 2, 'ni tu te la crees');","time":"2019-09-15T23:01:21-07:00"}
{"level":"info","msg":"creating table Response\n","time":"2019-09-15T23:01:21-07:00"}
{"hasResutl":false,"level":"info","msg":"new query executed","query":"INSERT INTO [Response] (Type, CommandID, Response) VALUES (1, 2, 'el pastel es mentira');","time":"2019-09-15T23:01:21-07:00"}
{"level":"info","msg":"creating table Response\n","time":"2019-09-15T23:01:21-07:00"}
{"hasResutl":false,"level":"info","msg":"new query executed","query":"INSERT INTO [Response] (Type, CommandID, Response) VALUES (3, 4, 'CgADAQADAQADLm_4TFkwvxivN4ncAg');","time":"2019-09-15T23:01:21-07:00"}
{"level":"info","msg":"creating table Response\n","time":"2019-09-15T23:01:21-07:00"}
{"hasResutl":false,"level":"info","msg":"new query executed","query":"INSERT INTO [Response] (Type, CommandID, Response) VALUES (2, 3, 'CAADAwADcgADJaHuBJRKzLJ2ZtyIAg');","time":"2019-09-15T23:01:21-07:00"}
{"level":"info","msg":"creating table Response\n","time":"2019-09-15T23:01:21-07:00"}
{"hasResutl":false,"level":"info","msg":"new query executed","query":"INSERT INTO [Response] (Type, CommandID, Response) VALUES (2, 2, 'CAADAQADswADJaHuBEcjnhhUIqsPAg');","time":"2019-09-15T23:01:21-07:00"}
{"level":"info","msg":"creating table Response\n","time":"2019-09-15T23:01:21-07:00"}
{"hasResutl":false,"level":"info","msg":"new query executed","query":"INSERT INTO [Response] (Type, CommandID, Response) VALUES (1, 1, 'fierro pariente... eso te espera xD');","time":"2019-09-15T23:01:22-07:00"}
{"level":"info","msg":"creating table Response\n","time":"2019-09-15T23:01:22-07:00"}
{"hasResutl":false,"level":"info","msg":"new query executed","query":"INSERT INTO [Response] (Type, CommandID, Response) VALUES (1, 2, 'una de cal por las que van de arena');","time":"2019-09-15T23:01:22-07:00"}
{"level":"info","msg":"creating table Response\n","time":"2019-09-15T23:01:22-07:00"}
{"hasResutl":false,"level":"info","msg":"new query executed","query":"INSERT INTO [Response] (Type, CommandID, Response) VALUES (1, 2, 'amen!');","time":"2019-09-15T23:01:22-07:00"}
{"level":"info","msg":"creating table Response\n","time":"2019-09-15T23:01:22-07:00"}
{"hasResutl":false,"level":"info","msg":"new query executed","query":"INSERT INTO [Response] (Type, CommandID, Response) VALUES (1, 2, 'Al·lahu-àkbar');","time":"2019-09-15T23:01:22-07:00"}
{"level":"info","msg":"creating table Response\n","time":"2019-09-15T23:01:22-07:00"}
{"hasResutl":false,"level":"info","msg":"new query executed","query":"INSERT INTO [Response] (Type, CommandID, Response) VALUES (3, 1, 'CgADAQADCwADkV8AAU54G2kOq4MdDgI');","time":"2019-09-15T23:01:22-07:00"}
{"level":"info","msg":"creating table Response\n","time":"2019-09-15T23:01:22-07:00"}
{"hasResutl":false,"level":"info","msg":"new query executed","query":"INSERT INTO [Response] (Type, CommandID, Response) VALUES (1, 1, '👉👌');","time":"2019-09-15T23:01:22-07:00"}
{"level":"info","msg":"creating table Response\n","time":"2019-09-15T23:01:22-07:00"}
{"hasResutl":false,"level":"info","msg":"new query executed","query":"INSERT INTO [Response] (Type, CommandID, Response) VALUES (1, 1, 'anda la osa!');","time":"2019-09-15T23:01:22-07:00"}
{"level":"info","msg":"creating table Response\n","time":"2019-09-15T23:01:22-07:00"}
{"hasResutl":false,"level":"info","msg":"new query executed","query":"INSERT INTO [Response] (Type, CommandID, Response) VALUES (3, 3, 'CgADAQADAgADOjdoTl_VUuBtIQHRAg');","time":"2019-09-15T23:01:22-07:00"}
{"level":"info","msg":"creating table Response\n","time":"2019-09-15T23:01:22-07:00"}
{"hasResutl":false,"level":"info","msg":"new query executed","query":"INSERT INTO [Response] (Type, CommandID, Response) VALUES (1, 1, 'eso es todo, sigue asi');","time":"2019-09-15T23:01:22-07:00"}
{"level":"info","msg":"creating table Response\n","time":"2019-09-15T23:01:22-07:00"}
{"hasResutl":false,"level":"info","msg":"new query executed","query":"INSERT INTO [Response] (Type, CommandID, Response) VALUES (2, 1, 'CAADAwADEwADJaHuBHQhsXqCepLpAg');","time":"2019-09-15T23:01:22-07:00"}
{"level":"info","msg":"creating table Response\n","time":"2019-09-15T23:01:22-07:00"}
{"hasResutl":false,"level":"info","msg":"new query executed","query":"INSERT INTO [Response] (Type, CommandID, Response) VALUES (3, 1, 'CgADAQADAgADqE4AAU6MQQqToMZbLgI');","time":"2019-09-15T23:01:22-07:00"}
{"level":"info","msg":"creating table Response\n","time":"2019-09-15T23:01:22-07:00"}
{"hasResutl":false,"level":"info","msg":"new query executed","query":"INSERT INTO [Response] (Type, CommandID, Response) VALUES (1, 2, 'santa no existe');","time":"2019-09-15T23:01:22-07:00"}
{"level":"info","msg":"creating table Response\n","time":"2019-09-15T23:01:22-07:00"}
{"hasResutl":false,"level":"info","msg":"new query executed","query":"INSERT INTO [Response] (Type, CommandID, Response) VALUES (2, 1, 'CAADAQADlgADJaHuBPzrbSkfjm9uAg');","time":"2019-09-15T23:01:22-07:00"}
{"level":"info","msg":"creating table Response\n","time":"2019-09-15T23:01:22-07:00"}
{"hasResutl":false,"level":"info","msg":"new query executed","query":"INSERT INTO [Response] (Type, CommandID, Response) VALUES (2, 2, 'CAADBQADgQMAAukKyANDdDlhDY7IuQI');","time":"2019-09-15T23:01:22-07:00"}
{"level":"info","msg":"creating table Response\n","time":"2019-09-15T23:01:22-07:00"}
{"hasResutl":false,"level":"info","msg":"new query executed","query":"INSERT INTO [Response] (Type, CommandID, Response) VALUES (2, 3, 'CAADAwADdQADJaHuBEiZlfsk70_zAg');","time":"2019-09-15T23:01:22-07:00"}
{"level":"info","msg":"creating table Response\n","time":"2019-09-15T23:01:22-07:00"}
{"hasResutl":false,"level":"info","msg":"new query executed","query":"INSERT INTO [Response] (Type, CommandID, Response) VALUES (2, 1, 'CAADAQADkgADxW-aAyIMUZAUV2NXAg');","time":"2019-09-15T23:01:22-07:00"}
{"level":"info","msg":"creating table Response\n","time":"2019-09-15T23:01:22-07:00"}
{"hasResutl":false,"level":"info","msg":"new query executed","query":"INSERT INTO [Response] (Type, CommandID, Response) VALUES (1, 2, 'no importa,tu bien sabes a donde perteneces');","time":"2019-09-15T23:01:22-07:00"}
{"level":"info","msg":"Listening...","time":"2019-09-15T23:01:22-07:00"}
{"level":"info","msg":"************************** new instance running **************************","time":"2019-09-15T23:05:47-07:00"}
{"level":"info","msg":"Listening...","time":"2019-09-15T23:05:47-07:00"}
{"level":"info","msg":"creating table Stats\n","time":"2019-09-15T23:06:04-07:00"}
{"hasResutl":true,"level":"info","msg":"new query executed","query":"SELECT [HellCount], [HeavenCount], [UserName] FROM [Stats] WHERE [UserName]='tecnologer'","time":"2019-09-15T23:06:04-07:00"}
{"hasResutl":false,"level":"info","msg":"new query executed","query":"UPDATE [Stats] SET [HellCount]=3, [HeavenCount]=1 WHERE [UserName]='tecnologer';","time":"2019-09-15T23:06:04-07:00"}
{"hasResutl":true,"level":"info","msg":"new query executed","query":"SELECT [CommandID], [Response],[Type] FROM [Response] WHERE [CommandID] = 2;","time":"2019-09-15T23:06:22-07:00"}
{"level":"info","msg":"************************** new instance running **************************","time":"2019-09-15T23:07:31-07:00"}
{"level":"info","msg":"Listening...","time":"2019-09-15T23:07:31-07:00"}
{"level":"info","msg":"creating table Stats\n","time":"2019-09-15T23:07:41-07:00"}
{"hasResutl":true,"level":"info","msg":"new query executed","query":"SELECT [HellCount], [HeavenCount], [UserName] FROM [Stats] WHERE [UserName]='tecnologer'","time":"2019-09-15T23:07:41-07:00"}
{"hasResutl":false,"level":"info","msg":"new query executed","query":"UPDATE [Stats] SET [HellCount]=3, [HeavenCount]=2 WHERE [UserName]='tecnologer';","time":"2019-09-15T23:07:41-07:00"}
{"hasResutl":true,"level":"info","msg":"new query executed","query":"SELECT [CommandID], [Response],[Type] FROM [Response] WHERE [CommandID] = 2;","time":"2019-09-15T23:07:44-07:00"}
{"level":"info","msg":"************************** new instance running **************************","time":"2019-09-15T23:10:21-07:00"}
{"level":"info","msg":"Listening...","time":"2019-09-15T23:10:21-07:00"}
{"level":"info","msg":"creating table Stats\n","time":"2019-09-15T23:10:27-07:00"}
{"hasResutl":true,"level":"info","msg":"new query executed","query":"SELECT [HellCount], [HeavenCount], [UserName] FROM [Stats] WHERE [UserName]='tecnologer'","time":"2019-09-15T23:10:27-07:00"}
{"hasResutl":false,"level":"info","msg":"new query executed","query":"UPDATE [Stats] SET [HellCount]=3, [HeavenCount]=3 WHERE [UserName]='tecnologer';","time":"2019-09-15T23:10:27-07:00"}
{"hasResutl":true,"level":"info","msg":"new query executed","query":"SELECT [CommandID], [Response],[Type] FROM [Response] WHERE [CommandID] = 2;","time":"2019-09-15T23:10:31-07:00"}
{"level":"info","msg":"Bad Request: wrong remote file id specified: Wrong character in the string","time":"2019-09-15T23:10:48-07:00"}
{"level":"info","msg":"creating table Stats\n","time":"2019-09-15T23:11:03-07:00"}
{"hasResutl":true,"level":"info","msg":"new query executed","query":"SELECT [HellCount], [HeavenCount], [UserName] FROM [Stats] WHERE [UserName]='tecnologer'","time":"2019-09-15T23:11:03-07:00"}
{"hasResutl":false,"level":"info","msg":"new query executed","query":"UPDATE [Stats] SET [HellCount]=3, [HeavenCount]=4 WHERE [UserName]='tecnologer';","time":"2019-09-15T23:11:03-07:00"}
{"hasResutl":true,"level":"info","msg":"new query executed","query":"SELECT [CommandID], [Response],[Type] FROM [Response] WHERE [CommandID] = 2;","time":"2019-09-15T23:11:03-07:00"}
{"level":"info","msg":"creating table Stats\n","time":"2019-09-15T23:11:14-07:00"}
{"hasResutl":true,"level":"info","msg":"new query executed","query":"SELECT [HellCount], [HeavenCount], [UserName] FROM [Stats] WHERE [UserName]='tecnologer'","time":"2019-09-15T23:11:14-07:00"}
{"hasResutl":false,"level":"info","msg":"new query executed","query":"UPDATE [Stats] SET [HellCount]=3, [HeavenCount]=5 WHERE [UserName]='tecnologer';","time":"2019-09-15T23:11:14-07:00"}
{"hasResutl":true,"level":"info","msg":"new query executed","query":"SELECT [CommandID], [Response],[Type] FROM [Response] WHERE [CommandID] = 2;","time":"2019-09-15T23:11:14-07:00"}
{"level":"info","msg":"Bad Request: wrong remote file id specified: Wrong string length","time":"2019-09-15T23:14:34-07:00"}
{"level":"info","msg":"creating table Stats\n","time":"2019-09-15T23:14:34-07:00"}
{"hasResutl":true,"level":"info","msg":"new query executed","query":"SELECT [HellCount], [HeavenCount], [UserName] FROM [Stats] WHERE [UserName]='tecnologer'","time":"2019-09-15T23:14:34-07:00"}
{"hasResutl":false,"level":"info","msg":"new query executed","query":"UPDATE [Stats] SET [HellCount]=3, [HeavenCount]=6 WHERE [UserName]='tecnologer';","time":"2019-09-15T23:14:34-07:00"}
{"hasResutl":true,"level":"info","msg":"new query executed","query":"SELECT [CommandID], [Response],[Type] FROM [Response] WHERE [CommandID] = 2;","time":"2019-09-15T23:14:34-07:00"}
{"level":"info","msg":"creating table Stats\n","time":"2019-09-15T23:14:44-07:00"}
{"hasResutl":true,"level":"info","msg":"new query executed","query":"SELECT [HellCount], [HeavenCount], [UserName] FROM [Stats] WHERE [UserName]='tecnologer'","time":"2019-09-15T23:14:44-07:00"}
{"hasResutl":false,"level":"info","msg":"new query executed","query":"UPDATE [Stats] SET [HellCount]=3, [HeavenCount]=7 WHERE [UserName]='tecnologer';","time":"2019-09-15T23:14:44-07:00"}
{"hasResutl":true,"level":"info","msg":"new query executed","query":"SELECT [CommandID], [Response],[Type] FROM [Response] WHERE [CommandID] = 2;","time":"2019-09-15T23:14:44-07:00"}
{"level":"info","msg":"creating table Stats\n","time":"2019-09-15T23:14:49-07:00"}
{"hasResutl":true,"level":"info","msg":"new query executed","query":"SELECT [HellCount], [HeavenCount], [UserName] FROM [Stats] WHERE [UserName]='tecnologer'","time":"2019-09-15T23:14:49-07:00"}
{"hasResutl":false,"level":"info","msg":"new query executed","query":"UPDATE [Stats] SET [HellCount]=3, [HeavenCount]=8 WHERE [UserName]='tecnologer';","time":"2019-09-15T23:14:49-07:00"}
{"hasResutl":true,"level":"info","msg":"new query executed","query":"SELECT [CommandID], [Response],[Type] FROM [Response] WHERE [CommandID] = 2;","time":"2019-09-15T23:14:49-07:00"}
{"level":"info","msg":"creating table Stats\n","time":"2019-09-15T23:15:08-07:00"}
{"hasResutl":true,"level":"info","msg":"new query executed","query":"SELECT [HellCount], [HeavenCount], [UserName] FROM [Stats] WHERE [UserName]='tecnologer'","time":"2019-09-15T23:15:08-07:00"}
{"hasResutl":false,"level":"info","msg":"new query executed","query":"UPDATE [Stats] SET [HellCount]=3, [HeavenCount]=9 WHERE [UserName]='tecnologer';","time":"2019-09-15T23:15:08-07:00"}
{"hasResutl":true,"level":"info","msg":"new query executed","query":"SELECT [CommandID], [Response],[Type] FROM [Response] WHERE [CommandID] = 1;","time":"2019-09-15T23:15:08-07:00"}
{"level":"info","msg":"creating table Stats\n","time":"2019-09-15T23:15:13-07:00"}
{"hasResutl":true,"level":"info","msg":"new query executed","query":"SELECT [HellCount], [HeavenCount], [UserName] FROM [Stats] WHERE [UserName]='tecnologer'","time":"2019-09-15T23:15:13-07:00"}
{"hasResutl":false,"level":"info","msg":"new query executed","query":"UPDATE [Stats] SET [HellCount]=3, [HeavenCount]=10 WHERE [UserName]='tecnologer';","time":"2019-09-15T23:15:13-07:00"}
{"hasResutl":true,"level":"info","msg":"new query executed","query":"SELECT [CommandID], [Response],[Type] FROM [Response] WHERE [CommandID] = 1;","time":"2019-09-15T23:15:13-07:00"}
{"level":"info","msg":"creating table Stats\n","time":"2019-09-15T23:15:19-07:00"}
{"hasResutl":true,"level":"info","msg":"new query executed","query":"SELECT [HellCount], [HeavenCount], [UserName] FROM [Stats] WHERE [UserName]='tecnologer'","time":"2019-09-15T23:15:19-07:00"}
{"hasResutl":false,"level":"info","msg":"new query executed","query":"UPDATE [Stats] SET [HellCount]=3, [HeavenCount]=11 WHERE [UserName]='tecnologer';","time":"2019-09-15T23:15:19-07:00"}
{"hasResutl":true,"level":"info","msg":"new query executed","query":"SELECT [CommandID], [Response],[Type] FROM [Response] WHERE [CommandID] = 2;","time":"2019-09-15T23:15:19-07:00"}
{"level":"info","msg":"creating table Stats\n","time":"2019-09-15T23:15:21-07:00"}
{"hasResutl":true,"level":"info","msg":"new query executed","query":"SELECT [HellCount], [HeavenCount], [UserName] FROM [Stats] WHERE [UserName]='tecnologer'","time":"2019-09-15T23:15:21-07:00"}
{"hasResutl":false,"level":"info","msg":"new query executed","query":"UPDATE [Stats] SET [HellCount]=3, [HeavenCount]=12 WHERE [UserName]='tecnologer';","time":"2019-09-15T23:15:21-07:00"}
{"hasResutl":true,"level":"info","msg":"new query executed","query":"SELECT [CommandID], [Response],[Type] FROM [Response] WHERE [CommandID] = 2;","time":"2019-09-15T23:15:21-07:00"}
{"level":"info","msg":"creating table Stats\n","time":"2019-09-15T23:15:26-07:00"}
{"hasResutl":true,"level":"info","msg":"new query executed","query":"SELECT [HellCount], [HeavenCount], [UserName] FROM [Stats] WHERE [UserName]='tecnologer'","time":"2019-09-15T23:15:26-07:00"}
{"hasResutl":false,"level":"info","msg":"new query executed","query":"UPDATE [Stats] SET [HellCount]=3, [HeavenCount]=13 WHERE [UserName]='tecnologer';","time":"2019-09-15T23:15:26-07:00"}
{"hasResutl":true,"level":"info","msg":"new query executed","query":"SELECT [CommandID], [Response],[Type] FROM [Response] WHERE [CommandID] = 1;","time":"2019-09-15T23:15:26-07:00"}
